{"type":"server-started","port":61245,"host":"127.0.0.1","url_host":"localhost","url":"http://localhost:61245","screen_dir":"/Users/natduncan/Documents/home-base/.superpowers/brainstorm/54650-1777320923/content","state_dir":"/Users/natduncan/Documents/home-base/.superpowers/brainstorm/54650-1777320923/state"}
{"type":"screen-added","file":"/Users/natduncan/Documents/home-base/.superpowers/brainstorm/54650-1777320923/content/density.html"}
{"type":"screen-updated","file":"/Users/natduncan/Documents/home-base/.superpowers/brainstorm/54650-1777320923/content/density.html"}
{"type":"screen-updated","file":"/Users/natduncan/Documents/home-base/.superpowers/brainstorm/54650-1777320923/content/density.html"}
{"type":"screen-updated","file":"/Users/natduncan/Documents/home-base/.superpowers/brainstorm/54650-1777320923/content/density.html"}
{"type":"screen-added","file":"/Users/natduncan/Documents/home-base/.superpowers/brainstorm/54650-1777320923/content/family-banner.html"}
{"type":"screen-updated","file":"/Users/natduncan/Documents/home-base/.superpowers/brainstorm/54650-1777320923/content/family-banner.html"}
{"type":"screen-updated","file":"/Users/natduncan/Documents/home-base/.superpowers/brainstorm/54650-1777320923/content/family-banner.html"}
{"type":"screen-updated","file":"/Users/natduncan/Documents/home-base/.superpowers/brainstorm/54650-1777320923/content/family-banner.html"}
{"type":"screen-added","file":"/Users/natduncan/Documents/home-base/.superpowers/brainstorm/54650-1777320923/content/family-banner-v2.html"}
{"type":"screen-updated","file":"/Users/natduncan/Documents/home-base/.superpowers/brainstorm/54650-1777320923/content/family-banner-v2.html"}
{"type":"screen-updated","file":"/Users/natduncan/Documents/home-base/.superpowers/brainstorm/54650-1777320923/content/family-banner-v2.html"}
{"type":"screen-added","file":"/Users/natduncan/Documents/home-base/.superpowers/brainstorm/54650-1777320923/content/week-refined.html"}
{"type":"screen-updated","file":"/Users/natduncan/Documents/home-base/.superpowers/brainstorm/54650-1777320923/content/week-refined.html"}
{"type":"screen-updated","file":"/Users/natduncan/Documents/home-base/.superpowers/brainstorm/54650-1777320923/content/week-refined.html"}
{"type":"screen-updated","file":"/Users/natduncan/Documents/home-base/.superpowers/brainstorm/54650-1777320923/content/week-refined.html"}
{"type":"screen-added","file":"/Users/natduncan/Documents/home-base/.superpowers/brainstorm/54650-1777320923/content/week-refined-v2.html"}
{"type":"screen-updated","file":"/Users/natduncan/Documents/home-base/.superpowers/brainstorm/54650-1777320923/content/week-refined-v2.html"}
{"type":"screen-updated","file":"/Users/natduncan/Documents/home-base/.superpowers/brainstorm/54650-1777320923/content/week-refined-v2.html"}
{"type":"screen-updated","file":"/Users/natduncan/Documents/home-base/.superpowers/brainstorm/54650-1777320923/content/week-refined-v2.html"}
